Analysis & Synthesis report for LogicalStep_Lab2_top
Fri Feb 11 15:38:44 2022
Quartus Prime Version 19.1.0 Build 670 09/22/2019 SJ Lite Edition


---------------------
; Table of Contents ;
---------------------
  1. Legal Notice
  2. Analysis & Synthesis Summary
  3. Analysis & Synthesis Settings
  4. Parallel Compilation
  5. Analysis & Synthesis Source Files Read
  6. Analysis & Synthesis Resource Usage Summary
  7. Analysis & Synthesis Resource Utilization by Entity
  8. General Register Statistics
  9. Multiplexer Restructuring Statistics (Restructuring Performed)
 10. Port Connectivity Checks: "mux_out:inst4"
 11. Port Connectivity Checks: "full_adder_4bit:inst2"
 12. Post-Synthesis Netlist Statistics for Top Partition
 13. Elapsed Time Per Partition
 14. Analysis & Synthesis Messages



----------------
; Legal Notice ;
----------------
Copyright (C) 2019  Intel Corporation. All rights reserved.
Your use of Intel Corporation's design tools, logic functions 
and other software and tools, and any partner logic 
functions, and any output files from any of the foregoing 
(including device programming or simulation files), and any 
associated documentation or information are expressly subject 
to the terms and conditions of the Intel Program License 
Subscription Agreement, the Intel Quartus Prime License Agreement,
the Intel FPGA IP License Agreement, or other applicable license
agreement, including, without limitation, that your use is for
the sole purpose of programming logic devices manufactured by
Intel and sold by Intel or its authorized distributors.  Please
refer to the applicable agreement for further details, at
https://fpgasoftware.intel.com/eula.



+----------------------------------------------------------------------------------+
; Analysis & Synthesis Summary                                                     ;
+------------------------------------+---------------------------------------------+
; Analysis & Synthesis Status        ; Successful - Fri Feb 11 15:38:44 2022       ;
; Quartus Prime Version              ; 19.1.0 Build 670 09/22/2019 SJ Lite Edition ;
; Revision Name                      ; LogicalStep_Lab2_top                        ;
; Top-level Entity Name              ; LogicalStep_Lab2_top                        ;
; Family                             ; MAX 10                                      ;
; Total logic elements               ; 36                                          ;
;     Total combinational functions  ; 36                                          ;
;     Dedicated logic registers      ; 0                                           ;
; Total registers                    ; 0                                           ;
; Total pins                         ; 29                                          ;
; Total virtual pins                 ; 0                                           ;
; Total memory bits                  ; 0                                           ;
; Embedded Multiplier 9-bit elements ; 0                                           ;
; Total PLLs                         ; 0                                           ;
; UFM blocks                         ; 0                                           ;
; ADC blocks                         ; 0                                           ;
+------------------------------------+---------------------------------------------+


+----------------------------------------------------------------------------------------------------------------+
; Analysis & Synthesis Settings                                                                                  ;
+------------------------------------------------------------------+----------------------+----------------------+
; Option                                                           ; Setting              ; Default Value        ;
+------------------------------------------------------------------+----------------------+----------------------+
; Device                                                           ; 10M08DAF484C8G       ;                      ;
; Top-level entity name                                            ; LogicalStep_Lab2_top ; LogicalStep_Lab2_top ;
; Family name                                                      ; MAX 10               ; Cyclone V            ;
; Use smart compilation                                            ; Off                  ; Off                  ;
; Enable parallel Assembler and Timing Analyzer during compilation ; On                   ; On                   ;
; Enable compact report table                                      ; Off                  ; Off                  ;
; Restructure Multiplexers                                         ; Auto                 ; Auto                 ;
; Create Debugging Nodes for IP Cores                              ; Off                  ; Off                  ;
; Preserve fewer node names                                        ; On                   ; On                   ;
; Intel FPGA IP Evaluation Mode                                    ; Enable               ; Enable               ;
; Verilog Version                                                  ; Verilog_2001         ; Verilog_2001         ;
; VHDL Version                                                     ; VHDL_1993            ; VHDL_1993            ;
; State Machine Processing                                         ; Auto                 ; Auto                 ;
; Safe State Machine                                               ; Off                  ; Off                  ;
; Extract Verilog State Machines                                   ; On                   ; On                   ;
; Extract VHDL State Machines                                      ; On                   ; On                   ;
; Ignore Verilog initial constructs                                ; Off                  ; Off                  ;
; Iteration limit for constant Verilog loops                       ; 5000                 ; 5000                 ;
; Iteration limit for non-constant Verilog loops                   ; 250                  ; 250                  ;
; Add Pass-Through Logic to Inferred RAMs                          ; On                   ; On                   ;
; Infer RAMs from Raw Logic                                        ; On                   ; On                   ;
; Parallel Synthesis                                               ; On                   ; On                   ;
; DSP Block Balancing                                              ; Auto                 ; Auto                 ;
; NOT Gate Push-Back                                               ; On                   ; On                   ;
; Power-Up Don't Care                                              ; On                   ; On                   ;
; Remove Redundant Logic Cells                                     ; Off                  ; Off                  ;
; Remove Duplicate Registers                                       ; On                   ; On                   ;
; Ignore CARRY Buffers                                             ; Off                  ; Off                  ;
; Ignore CASCADE Buffers                                           ; Off                  ; Off                  ;
; Ignore GLOBAL Buffers                                            ; Off                  ; Off                  ;
; Ignore ROW GLOBAL Buffers                                        ; Off                  ; Off                  ;
; Ignore LCELL Buffers                                             ; Off                  ; Off                  ;
; Ignore SOFT Buffers                                              ; On                   ; On                   ;
; Limit AHDL Integers to 32 Bits                                   ; Off                  ; Off                  ;
; Optimization Technique                                           ; Balanced             ; Balanced             ;
; Carry Chain Length                                               ; 70                   ; 70                   ;
; Auto Carry Chains                                                ; On                   ; On                   ;
; Auto Open-Drain Pins                                             ; On                   ; On                   ;
; Perform WYSIWYG Primitive Resynthesis                            ; Off                  ; Off                  ;
; Auto ROM Replacement                                             ; On                   ; On                   ;
; Auto RAM Replacement                                             ; On                   ; On                   ;
; Auto DSP Block Replacement                                       ; On                   ; On                   ;
; Auto Shift Register Replacement                                  ; Auto                 ; Auto                 ;
; Allow Shift Register Merging across Hierarchies                  ; Auto                 ; Auto                 ;
; Auto Clock Enable Replacement                                    ; On                   ; On                   ;
; Strict RAM Replacement                                           ; Off                  ; Off                  ;
; Allow Synchronous Control Signals                                ; On                   ; On                   ;
; Force Use of Synchronous Clear Signals                           ; Off                  ; Off                  ;
; Auto RAM Block Balancing                                         ; On                   ; On                   ;
; Auto RAM to Logic Cell Conversion                                ; Off                  ; Off                  ;
; Auto Resource Sharing                                            ; Off                  ; Off                  ;
; Allow Any RAM Size For Recognition                               ; Off                  ; Off                  ;
; Allow Any ROM Size For Recognition                               ; Off                  ; Off                  ;
; Allow Any Shift Register Size For Recognition                    ; Off                  ; Off                  ;
; Use LogicLock Constraints during Resource Balancing              ; On                   ; On                   ;
; Ignore translate_off and synthesis_off directives                ; Off                  ; Off                  ;
; Timing-Driven Synthesis                                          ; On                   ; On                   ;
; Report Parameter Settings                                        ; On                   ; On                   ;
; Report Source Assignments                                        ; On                   ; On                   ;
; Report Connectivity Checks                                       ; On                   ; On                   ;
; Ignore Maximum Fan-Out Assignments                               ; Off                  ; Off                  ;
; Synchronization Register Chain Length                            ; 2                    ; 2                    ;
; Power Optimization During Synthesis                              ; Normal compilation   ; Normal compilation   ;
; HDL message level                                                ; Level2               ; Level2               ;
; Suppress Register Optimization Related Messages                  ; Off                  ; Off                  ;
; Number of Removed Registers Reported in Synthesis Report         ; 5000                 ; 5000                 ;
; Number of Swept Nodes Reported in Synthesis Report               ; 5000                 ; 5000                 ;
; Number of Inverted Registers Reported in Synthesis Report        ; 100                  ; 100                  ;
; Clock MUX Protection                                             ; On                   ; On                   ;
; Auto Gated Clock Conversion                                      ; Off                  ; Off                  ;
; Block Design Naming                                              ; Auto                 ; Auto                 ;
; SDC constraint protection                                        ; Off                  ; Off                  ;
; Synthesis Effort                                                 ; Auto                 ; Auto                 ;
; Shift Register Replacement - Allow Asynchronous Clear Signal     ; On                   ; On                   ;
; Pre-Mapping Resynthesis Optimization                             ; Off                  ; Off                  ;
; Analysis & Synthesis Message Level                               ; Medium               ; Medium               ;
; Disable Register Merging Across Hierarchies                      ; Auto                 ; Auto                 ;
; Resource Aware Inference For Block RAM                           ; On                   ; On                   ;
+------------------------------------------------------------------+----------------------+----------------------+


+------------------------------------------+
; Parallel Compilation                     ;
+----------------------------+-------------+
; Processors                 ; Number      ;
+----------------------------+-------------+
; Number detected on machine ; 16          ;
; Maximum allowed            ; 16          ;
;                            ;             ;
; Average used               ; 1.00        ;
; Maximum used               ; 1           ;
;                            ;             ;
; Usage by Processor         ; % Time Used ;
;     Processor 1            ; 100.0%      ;
+----------------------------+-------------+


+-------------------------------------------------------------------------------------------------------------------------------------------------------+
; Analysis & Synthesis Source Files Read                                                                                                                ;
+----------------------------------+-----------------+-----------------+----------------------------------------------------------------------+---------+
; File Name with User-Entered Path ; Used in Netlist ; File Type       ; File Name with Absolute Path                                         ; Library ;
+----------------------------------+-----------------+-----------------+----------------------------------------------------------------------+---------+
; mux_out.vhd                      ; yes             ; User VHDL File  ; C:/Users/Owner1/Desktop/School/ECE 124/Lab2/mux_out.vhd              ;         ;
; logic_proc.vhd                   ; yes             ; User VHDL File  ; C:/Users/Owner1/Desktop/School/ECE 124/Lab2/logic_proc.vhd           ;         ;
; full_adder_4bit.vhd              ; yes             ; User VHDL File  ; C:/Users/Owner1/Desktop/School/ECE 124/Lab2/full_adder_4bit.vhd      ;         ;
; full_adder_1bit.vhd              ; yes             ; User VHDL File  ; C:/Users/Owner1/Desktop/School/ECE 124/Lab2/full_adder_1bit.vhd      ;         ;
; hex_mux.vhd                      ; yes             ; User VHDL File  ; C:/Users/Owner1/Desktop/School/ECE 124/Lab2/hex_mux.vhd              ;         ;
; LogicalStep_Lab2_top.vhd         ; yes             ; User VHDL File  ; C:/Users/Owner1/Desktop/School/ECE 124/Lab2/LogicalStep_Lab2_top.vhd ;         ;
+----------------------------------+-----------------+-----------------+----------------------------------------------------------------------+---------+


+-----------------------------------------------------------+
; Analysis & Synthesis Resource Usage Summary               ;
+---------------------------------------------+-------------+
; Resource                                    ; Usage       ;
+---------------------------------------------+-------------+
; Estimated Total logic elements              ; 36          ;
;                                             ;             ;
; Total combinational functions               ; 36          ;
; Logic element usage by number of LUT inputs ;             ;
;     -- 4 input functions                    ; 29          ;
;     -- 3 input functions                    ; 3           ;
;     -- <=2 input functions                  ; 4           ;
;                                             ;             ;
; Logic elements by mode                      ;             ;
;     -- normal mode                          ; 36          ;
;     -- arithmetic mode                      ; 0           ;
;                                             ;             ;
; Total registers                             ; 0           ;
;     -- Dedicated logic registers            ; 0           ;
;     -- I/O registers                        ; 0           ;
;                                             ;             ;
; I/O pins                                    ; 29          ;
;                                             ;             ;
; Embedded Multiplier 9-bit elements          ; 0           ;
;                                             ;             ;
; Maximum fan-out node                        ; pb[6]~input ;
; Maximum fan-out                             ; 9           ;
; Total fan-out                               ; 168         ;
; Average fan-out                             ; 1.79        ;
+---------------------------------------------+-------------+


+------------------------------------------------------------------------------------------------------------------------------------------------------------------------------------------------------------------------------------------------------------------------------------------------+
; Analysis & Synthesis Resource Utilization by Entity                                                                                                                                                                                                                                            ;
+--------------------------------+---------------------+---------------------------+-------------+------------+--------------+---------+-----------+------+--------------+------------+--------------------------------------------------------------------+----------------------+--------------+
; Compilation Hierarchy Node     ; Combinational ALUTs ; Dedicated Logic Registers ; Memory Bits ; UFM Blocks ; DSP Elements ; DSP 9x9 ; DSP 18x18 ; Pins ; Virtual Pins ; ADC blocks ; Full Hierarchy Name                                                ; Entity Name          ; Library Name ;
+--------------------------------+---------------------+---------------------------+-------------+------------+--------------+---------+-----------+------+--------------+------------+--------------------------------------------------------------------+----------------------+--------------+
; |LogicalStep_Lab2_top          ; 36 (0)              ; 0 (0)                     ; 0           ; 0          ; 0            ; 0       ; 0         ; 29   ; 0            ; 0          ; |LogicalStep_Lab2_top                                              ; LogicalStep_Lab2_top ; work         ;
;    |full_adder_4bit:inst2|     ; 3 (0)               ; 0 (0)                     ; 0           ; 0          ; 0            ; 0       ; 0         ; 0    ; 0            ; 0          ; |LogicalStep_Lab2_top|full_adder_4bit:inst2                        ; full_adder_4bit      ; work         ;
;       |full_adder_1bit:adder1| ; 1 (1)               ; 0 (0)                     ; 0           ; 0          ; 0            ; 0       ; 0         ; 0    ; 0            ; 0          ; |LogicalStep_Lab2_top|full_adder_4bit:inst2|full_adder_1bit:adder1 ; full_adder_1bit      ; work         ;
;       |full_adder_1bit:adder2| ; 2 (2)               ; 0 (0)                     ; 0           ; 0          ; 0            ; 0       ; 0         ; 0    ; 0            ; 0          ; |LogicalStep_Lab2_top|full_adder_4bit:inst2|full_adder_1bit:adder2 ; full_adder_1bit      ; work         ;
;    |hex_mux:mux1|              ; 8 (8)               ; 0 (0)                     ; 0           ; 0          ; 0            ; 0       ; 0         ; 0    ; 0            ; 0          ; |LogicalStep_Lab2_top|hex_mux:mux1                                 ; hex_mux              ; work         ;
;    |hex_mux:mux2|              ; 8 (8)               ; 0 (0)                     ; 0           ; 0          ; 0            ; 0       ; 0         ; 0    ; 0            ; 0          ; |LogicalStep_Lab2_top|hex_mux:mux2                                 ; hex_mux              ; work         ;
;    |logic_proc:inst3|          ; 7 (7)               ; 0 (0)                     ; 0           ; 0          ; 0            ; 0       ; 0         ; 0    ; 0            ; 0          ; |LogicalStep_Lab2_top|logic_proc:inst3                             ; logic_proc           ; work         ;
;    |mux_out:inst4|             ; 10 (10)             ; 0 (0)                     ; 0           ; 0          ; 0            ; 0       ; 0         ; 0    ; 0            ; 0          ; |LogicalStep_Lab2_top|mux_out:inst4                                ; mux_out              ; work         ;
+--------------------------------+---------------------+---------------------------+-------------+------------+--------------+---------+-----------+------+--------------+------------+--------------------------------------------------------------------+----------------------+--------------+
Note: For table entries with two numbers listed, the numbers in parentheses indicate the number of resources of the given type used by the specific entity alone. The numbers listed outside of parentheses indicate the total resources of the given type used by the specific entity and all of its sub-entities in the hierarchy.


+------------------------------------------------------+
; General Register Statistics                          ;
+----------------------------------------------+-------+
; Statistic                                    ; Value ;
+----------------------------------------------+-------+
; Total registers                              ; 0     ;
; Number of registers using Synchronous Clear  ; 0     ;
; Number of registers using Synchronous Load   ; 0     ;
; Number of registers using Asynchronous Clear ; 0     ;
; Number of registers using Asynchronous Load  ; 0     ;
; Number of registers using Clock Enable       ; 0     ;
; Number of registers using Preset             ; 0     ;
+----------------------------------------------+-------+


+--------------------------------------------------------------------------------------------------------------------------------------------------------------------+
; Multiplexer Restructuring Statistics (Restructuring Performed)                                                                                                     ;
+--------------------+-----------+---------------+----------------------+------------------------+------------+------------------------------------------------------+
; Multiplexer Inputs ; Bus Width ; Baseline Area ; Area if Restructured ; Saving if Restructured ; Registered ; Example Multiplexer Output                           ;
+--------------------+-----------+---------------+----------------------+------------------------+------------+------------------------------------------------------+
; 4:1                ; 4 bits    ; 8 LEs         ; 8 LEs                ; 0 LEs                  ; No         ; |LogicalStep_Lab2_top|hex_mux:mux1|Mux3              ;
; 4:1                ; 4 bits    ; 8 LEs         ; 8 LEs                ; 0 LEs                  ; No         ; |LogicalStep_Lab2_top|hex_mux:mux2|Mux3              ;
; 5:1                ; 3 bits    ; 9 LEs         ; 9 LEs                ; 0 LEs                  ; No         ; |LogicalStep_Lab2_top|mux_out:inst4|mux_out_final[1] ;
+--------------------+-----------+---------------+----------------------+------------------------+------------+------------------------------------------------------+


+----------------------------------------------+
; Port Connectivity Checks: "mux_out:inst4"    ;
+------------+-------+----------+--------------+
; Port       ; Type  ; Severity ; Details      ;
+------------+-------+----------+--------------+
; mux_in1[4] ; Input ; Info     ; Stuck at GND ;
+------------+-------+----------+--------------+


+---------------------------------------------------+
; Port Connectivity Checks: "full_adder_4bit:inst2" ;
+------+-------+----------+-------------------------+
; Port ; Type  ; Severity ; Details                 ;
+------+-------+----------+-------------------------+
; cin  ; Input ; Info     ; Stuck at GND            ;
+------+-------+----------+-------------------------+


+-----------------------------------------------------+
; Post-Synthesis Netlist Statistics for Top Partition ;
+-----------------------+-----------------------------+
; Type                  ; Count                       ;
+-----------------------+-----------------------------+
; boundary_port         ; 29                          ;
; cycloneiii_lcell_comb ; 36                          ;
;     normal            ; 36                          ;
;         2 data inputs ; 4                           ;
;         3 data inputs ; 3                           ;
;         4 data inputs ; 29                          ;
;                       ;                             ;
; Max LUT depth         ; 5.00                        ;
; Average LUT depth     ; 4.32                        ;
+-----------------------+-----------------------------+


+-------------------------------+
; Elapsed Time Per Partition    ;
+----------------+--------------+
; Partition Name ; Elapsed Time ;
+----------------+--------------+
; Top            ; 00:00:00     ;
+----------------+--------------+


+-------------------------------+
; Analysis & Synthesis Messages ;
+-------------------------------+
Info: *******************************************************************
Info: Running Quartus Prime Analysis & Synthesis
    Info: Version 19.1.0 Build 670 09/22/2019 SJ Lite Edition
    Info: Processing started: Fri Feb 11 15:38:30 2022
Info: Command: quartus_map --read_settings_files=on --write_settings_files=off LogicalStep_Lab2 -c LogicalStep_Lab2_top
Warning (18236): Number of processors has not been specified which may cause overloading on shared machines.  Set the global assignment NUM_PARALLEL_PROCESSORS in your QSF to an appropriate value for best performance.
Info (20030): Parallel compilation is enabled and will use 16 of the 16 processors detected
Info (12021): Found 2 design units, including 1 entities, in source file mux_out.vhd
    Info (12022): Found design unit 1: mux_out-mux_out1 File: C:/Users/Owner1/Desktop/School/ECE 124/Lab2/mux_out.vhd Line: 15
    Info (12023): Found entity 1: mux_out File: C:/Users/Owner1/Desktop/School/ECE 124/Lab2/mux_out.vhd Line: 6
Info (12021): Found 2 design units, including 1 entities, in source file logic_proc.vhd
    Info (12022): Found design unit 1: logic_proc-proc File: C:/Users/Owner1/Desktop/School/ECE 124/Lab2/logic_proc.vhd Line: 15
    Info (12023): Found entity 1: logic_proc File: C:/Users/Owner1/Desktop/School/ECE 124/Lab2/logic_proc.vhd Line: 6
Info (12021): Found 2 design units, including 1 entities, in source file full_adder_4bit.vhd
    Info (12022): Found design unit 1: full_adder_4bit-Circuit File: C:/Users/Owner1/Desktop/School/ECE 124/Lab2/full_adder_4bit.vhd Line: 17
    Info (12023): Found entity 1: full_adder_4bit File: C:/Users/Owner1/Desktop/School/ECE 124/Lab2/full_adder_4bit.vhd Line: 8
Info (12021): Found 2 design units, including 1 entities, in source file full_adder_1bit.vhd
    Info (12022): Found design unit 1: full_adder_1bit-Circuit File: C:/Users/Owner1/Desktop/School/ECE 124/Lab2/full_adder_1bit.vhd Line: 16
    Info (12023): Found entity 1: full_adder_1bit File: C:/Users/Owner1/Desktop/School/ECE 124/Lab2/full_adder_1bit.vhd Line: 8
Info (12021): Found 2 design units, including 1 entities, in source file hex_mux.vhd
    Info (12022): Found design unit 1: hex_mux-mux_logic File: C:/Users/Owner1/Desktop/School/ECE 124/Lab2/hex_mux.vhd Line: 15
    Info (12023): Found entity 1: hex_mux File: C:/Users/Owner1/Desktop/School/ECE 124/Lab2/hex_mux.vhd Line: 6
Info (12021): Found 2 design units, including 1 entities, in source file logicalstep_lab2_top.vhd
    Info (12022): Found design unit 1: LogicalStep_Lab2_top-Circuit File: C:/Users/Owner1/Desktop/School/ECE 124/Lab2/LogicalStep_Lab2_top.vhd Line: 15
    Info (12023): Found entity 1: LogicalStep_Lab2_top File: C:/Users/Owner1/Desktop/School/ECE 124/Lab2/LogicalStep_Lab2_top.vhd Line: 7
Info (12127): Elaborating entity "LogicalStep_Lab2_top" for the top level hierarchy
Info (12128): Elaborating entity "hex_mux" for hierarchy "hex_mux:mux1" File: C:/Users/Owner1/Desktop/School/ECE 124/Lab2/LogicalStep_Lab2_top.vhd Line: 102
Info (12128): Elaborating entity "full_adder_4bit" for hierarchy "full_adder_4bit:inst2" File: C:/Users/Owner1/Desktop/School/ECE 124/Lab2/LogicalStep_Lab2_top.vhd Line: 114
Info (12128): Elaborating entity "full_adder_1bit" for hierarchy "full_adder_4bit:inst2|full_adder_1bit:adder0" File: C:/Users/Owner1/Desktop/School/ECE 124/Lab2/full_adder_4bit.vhd Line: 43
Info (12128): Elaborating entity "logic_proc" for hierarchy "logic_proc:inst3" File: C:/Users/Owner1/Desktop/School/ECE 124/Lab2/LogicalStep_Lab2_top.vhd Line: 123
Info (12128): Elaborating entity "mux_out" for hierarchy "mux_out:inst4" File: C:/Users/Owner1/Desktop/School/ECE 124/Lab2/LogicalStep_Lab2_top.vhd Line: 135
Info (286030): Timing-Driven Synthesis is running
Info (16010): Generating hard_block partition "hard_block:auto_generated_inst"
    Info (16011): Adding 0 node(s), including 0 DDIO, 0 PLL, 0 transceiver and 0 LCELL
Info (21057): Implemented 65 device resources after synthesis - the final resource count might be different
    Info (21058): Implemented 23 input pins
    Info (21059): Implemented 6 output pins
    Info (21061): Implemented 36 logic cells
Info: Quartus Prime Analysis & Synthesis was successful. 0 errors, 1 warning
    Info: Peak virtual memory: 4793 megabytes
    Info: Processing ended: Fri Feb 11 15:38:44 2022
    Info: Elapsed time: 00:00:14
    Info: Total CPU time (on all processors): 00:00:37


