Analysis & Synthesis report for LogicalStep_Lab3_top
Fri Mar 11 16:20:39 2022
Quartus Prime Version 19.1.0 Build 670 09/22/2019 SJ Lite Edition


---------------------
; Table of Contents ;
---------------------
  1. Legal Notice
  2. Analysis & Synthesis Summary
  3. Analysis & Synthesis Settings
  4. Parallel Compilation
  5. Analysis & Synthesis Source Files Read
  6. Analysis & Synthesis Resource Usage Summary
  7. Analysis & Synthesis Resource Utilization by Entity
  8. Registers Removed During Synthesis
  9. General Register Statistics
 10. Inverted Register Statistics
 11. Port Connectivity Checks: "HVAC:instHVAC"
 12. Post-Synthesis Netlist Statistics for Top Partition
 13. Elapsed Time Per Partition
 14. Analysis & Synthesis Messages



----------------
; Legal Notice ;
----------------
Copyright (C) 2019  Intel Corporation. All rights reserved.
Your use of Intel Corporation's design tools, logic functions 
and other software and tools, and any partner logic 
functions, and any output files from any of the foregoing 
(including device programming or simulation files), and any 
associated documentation or information are expressly subject 
to the terms and conditions of the Intel Program License 
Subscription Agreement, the Intel Quartus Prime License Agreement,
the Intel FPGA IP License Agreement, or other applicable license
agreement, including, without limitation, that your use is for
the sole purpose of programming logic devices manufactured by
Intel and sold by Intel or its authorized distributors.  Please
refer to the applicable agreement for further details, at
https://fpgasoftware.intel.com/eula.



+----------------------------------------------------------------------------------+
; Analysis & Synthesis Summary                                                     ;
+------------------------------------+---------------------------------------------+
; Analysis & Synthesis Status        ; Successful - Fri Mar 11 16:20:39 2022       ;
; Quartus Prime Version              ; 19.1.0 Build 670 09/22/2019 SJ Lite Edition ;
; Revision Name                      ; LogicalStep_Lab3_top                        ;
; Top-level Entity Name              ; LogicalStep_Lab3_top                        ;
; Family                             ; MAX 10                                      ;
; Total logic elements               ; 70                                          ;
;     Total combinational functions  ; 70                                          ;
;     Dedicated logic registers      ; 15                                          ;
; Total registers                    ; 15                                          ;
; Total pins                         ; 34                                          ;
; Total virtual pins                 ; 0                                           ;
; Total memory bits                  ; 0                                           ;
; Embedded Multiplier 9-bit elements ; 0                                           ;
; Total PLLs                         ; 0                                           ;
; UFM blocks                         ; 0                                           ;
; ADC blocks                         ; 0                                           ;
+------------------------------------+---------------------------------------------+


+----------------------------------------------------------------------------------------------------------------+
; Analysis & Synthesis Settings                                                                                  ;
+------------------------------------------------------------------+----------------------+----------------------+
; Option                                                           ; Setting              ; Default Value        ;
+------------------------------------------------------------------+----------------------+----------------------+
; Device                                                           ; 10M08SAE144C8G       ;                      ;
; Top-level entity name                                            ; LogicalStep_Lab3_top ; LogicalStep_Lab3_top ;
; Family name                                                      ; MAX 10               ; Cyclone V            ;
; Use smart compilation                                            ; Off                  ; Off                  ;
; Enable parallel Assembler and Timing Analyzer during compilation ; On                   ; On                   ;
; Enable compact report table                                      ; Off                  ; Off                  ;
; Restructure Multiplexers                                         ; Auto                 ; Auto                 ;
; Create Debugging Nodes for IP Cores                              ; Off                  ; Off                  ;
; Preserve fewer node names                                        ; On                   ; On                   ;
; Intel FPGA IP Evaluation Mode                                    ; Enable               ; Enable               ;
; Verilog Version                                                  ; Verilog_2001         ; Verilog_2001         ;
; VHDL Version                                                     ; VHDL_1993            ; VHDL_1993            ;
; State Machine Processing                                         ; Auto                 ; Auto                 ;
; Safe State Machine                                               ; Off                  ; Off                  ;
; Extract Verilog State Machines                                   ; On                   ; On                   ;
; Extract VHDL State Machines                                      ; On                   ; On                   ;
; Ignore Verilog initial constructs                                ; Off                  ; Off                  ;
; Iteration limit for constant Verilog loops                       ; 5000                 ; 5000                 ;
; Iteration limit for non-constant Verilog loops                   ; 250                  ; 250                  ;
; Add Pass-Through Logic to Inferred RAMs                          ; On                   ; On                   ;
; Infer RAMs from Raw Logic                                        ; On                   ; On                   ;
; Parallel Synthesis                                               ; On                   ; On                   ;
; DSP Block Balancing                                              ; Auto                 ; Auto                 ;
; NOT Gate Push-Back                                               ; On                   ; On                   ;
; Power-Up Don't Care                                              ; On                   ; On                   ;
; Remove Redundant Logic Cells                                     ; Off                  ; Off                  ;
; Remove Duplicate Registers                                       ; On                   ; On                   ;
; Ignore CARRY Buffers                                             ; Off                  ; Off                  ;
; Ignore CASCADE Buffers                                           ; Off                  ; Off                  ;
; Ignore GLOBAL Buffers                                            ; Off                  ; Off                  ;
; Ignore ROW GLOBAL Buffers                                        ; Off                  ; Off                  ;
; Ignore LCELL Buffers                                             ; Off                  ; Off                  ;
; Ignore SOFT Buffers                                              ; On                   ; On                   ;
; Limit AHDL Integers to 32 Bits                                   ; Off                  ; Off                  ;
; Optimization Technique                                           ; Balanced             ; Balanced             ;
; Carry Chain Length                                               ; 70                   ; 70                   ;
; Auto Carry Chains                                                ; On                   ; On                   ;
; Auto Open-Drain Pins                                             ; On                   ; On                   ;
; Perform WYSIWYG Primitive Resynthesis                            ; Off                  ; Off                  ;
; Auto ROM Replacement                                             ; On                   ; On                   ;
; Auto RAM Replacement                                             ; On                   ; On                   ;
; Auto DSP Block Replacement                                       ; On                   ; On                   ;
; Auto Shift Register Replacement                                  ; Auto                 ; Auto                 ;
; Allow Shift Register Merging across Hierarchies                  ; Auto                 ; Auto                 ;
; Auto Clock Enable Replacement                                    ; On                   ; On                   ;
; Strict RAM Replacement                                           ; Off                  ; Off                  ;
; Allow Synchronous Control Signals                                ; On                   ; On                   ;
; Force Use of Synchronous Clear Signals                           ; Off                  ; Off                  ;
; Auto RAM Block Balancing                                         ; On                   ; On                   ;
; Auto RAM to Logic Cell Conversion                                ; Off                  ; Off                  ;
; Auto Resource Sharing                                            ; Off                  ; Off                  ;
; Allow Any RAM Size For Recognition                               ; Off                  ; Off                  ;
; Allow Any ROM Size For Recognition                               ; Off                  ; Off                  ;
; Allow Any Shift Register Size For Recognition                    ; Off                  ; Off                  ;
; Use LogicLock Constraints during Resource Balancing              ; On                   ; On                   ;
; Ignore translate_off and synthesis_off directives                ; Off                  ; Off                  ;
; Timing-Driven Synthesis                                          ; On                   ; On                   ;
; Report Parameter Settings                                        ; On                   ; On                   ;
; Report Source Assignments                                        ; On                   ; On                   ;
; Report Connectivity Checks                                       ; On                   ; On                   ;
; Ignore Maximum Fan-Out Assignments                               ; Off                  ; Off                  ;
; Synchronization Register Chain Length                            ; 2                    ; 2                    ;
; Power Optimization During Synthesis                              ; Normal compilation   ; Normal compilation   ;
; HDL message level                                                ; Level2               ; Level2               ;
; Suppress Register Optimization Related Messages                  ; Off                  ; Off                  ;
; Number of Removed Registers Reported in Synthesis Report         ; 5000                 ; 5000                 ;
; Number of Swept Nodes Reported in Synthesis Report               ; 5000                 ; 5000                 ;
; Number of Inverted Registers Reported in Synthesis Report        ; 100                  ; 100                  ;
; Clock MUX Protection                                             ; On                   ; On                   ;
; Auto Gated Clock Conversion                                      ; Off                  ; Off                  ;
; Block Design Naming                                              ; Auto                 ; Auto                 ;
; SDC constraint protection                                        ; Off                  ; Off                  ;
; Synthesis Effort                                                 ; Auto                 ; Auto                 ;
; Shift Register Replacement - Allow Asynchronous Clear Signal     ; On                   ; On                   ;
; Pre-Mapping Resynthesis Optimization                             ; Off                  ; Off                  ;
; Analysis & Synthesis Message Level                               ; Medium               ; Medium               ;
; Disable Register Merging Across Hierarchies                      ; Auto                 ; Auto                 ;
; Resource Aware Inference For Block RAM                           ; On                   ; On                   ;
+------------------------------------------------------------------+----------------------+----------------------+


+------------------------------------------+
; Parallel Compilation                     ;
+----------------------------+-------------+
; Processors                 ; Number      ;
+----------------------------+-------------+
; Number detected on machine ; 16          ;
; Maximum allowed            ; 16          ;
;                            ;             ;
; Average used               ; 1.00        ;
; Maximum used               ; 16          ;
;                            ;             ;
; Usage by Processor         ; % Time Used ;
;     Processor 1            ; 100.0%      ;
;     Processors 2-16        ;   0.0%      ;
+----------------------------+-------------+


+-------------------------------------------------------------------------------------------------------------------------------------------------------+
; Analysis & Synthesis Source Files Read                                                                                                                ;
+----------------------------------+-----------------+-----------------+----------------------------------------------------------------------+---------+
; File Name with User-Entered Path ; Used in Netlist ; File Type       ; File Name with Absolute Path                                         ; Library ;
+----------------------------------+-----------------+-----------------+----------------------------------------------------------------------+---------+
; mux.vhd                          ; yes             ; User VHDL File  ; C:/Users/Owner1/Desktop/School/ECE 124/Lab3/mux.vhd                  ;         ;
; Compx1.vhd                       ; yes             ; User VHDL File  ; C:/Users/Owner1/Desktop/School/ECE 124/Lab3/Compx1.vhd               ;         ;
; Tester.vhd                       ; yes             ; User VHDL File  ; C:/Users/Owner1/Desktop/School/ECE 124/Lab3/Tester.vhd               ;         ;
; HVAC.vhd                         ; yes             ; User VHDL File  ; C:/Users/Owner1/Desktop/School/ECE 124/Lab3/HVAC.vhd                 ;         ;
; LogicalStep_Lab3_top.vhd         ; yes             ; User VHDL File  ; C:/Users/Owner1/Desktop/School/ECE 124/Lab3/LogicalStep_Lab3_top.vhd ;         ;
; segment7_mux.vhd                 ; yes             ; User VHDL File  ; C:/Users/Owner1/Desktop/School/ECE 124/Lab3/segment7_mux.vhd         ;         ;
; SevenSegment.vhd                 ; yes             ; User VHDL File  ; C:/Users/Owner1/Desktop/School/ECE 124/Lab3/SevenSegment.vhd         ;         ;
; Compx4.vhd                       ; yes             ; User VHDL File  ; C:/Users/Owner1/Desktop/School/ECE 124/Lab3/Compx4.vhd               ;         ;
; inverter.vhd                     ; yes             ; User VHDL File  ; C:/Users/Owner1/Desktop/School/ECE 124/Lab3/inverter.vhd             ;         ;
; Energy_monitor.vhd               ; yes             ; User VHDL File  ; C:/Users/Owner1/Desktop/School/ECE 124/Lab3/Energy_monitor.vhd       ;         ;
+----------------------------------+-----------------+-----------------+----------------------------------------------------------------------+---------+


+-----------------------------------------------------------------------------+
; Analysis & Synthesis Resource Usage Summary                                 ;
+---------------------------------------------+-------------------------------+
; Resource                                    ; Usage                         ;
+---------------------------------------------+-------------------------------+
; Estimated Total logic elements              ; 70                            ;
;                                             ;                               ;
; Total combinational functions               ; 70                            ;
; Logic element usage by number of LUT inputs ;                               ;
;     -- 4 input functions                    ; 35                            ;
;     -- 3 input functions                    ; 21                            ;
;     -- <=2 input functions                  ; 14                            ;
;                                             ;                               ;
; Logic elements by mode                      ;                               ;
;     -- normal mode                          ; 58                            ;
;     -- arithmetic mode                      ; 12                            ;
;                                             ;                               ;
; Total registers                             ; 15                            ;
;     -- Dedicated logic registers            ; 15                            ;
;     -- I/O registers                        ; 0                             ;
;                                             ;                               ;
; I/O pins                                    ; 34                            ;
;                                             ;                               ;
; Embedded Multiplier 9-bit elements          ; 0                             ;
;                                             ;                               ;
; Maximum fan-out node                        ; HVAC:instHVAC|\counter:cnt[0] ;
; Maximum fan-out                             ; 18                            ;
; Total fan-out                               ; 315                           ;
; Average fan-out                             ; 2.06                          ;
+---------------------------------------------+-------------------------------+


+----------------------------------------------------------------------------------------------------------------------------------------------------------------------------------------------------------------------------------------------------------------------------+
; Analysis & Synthesis Resource Utilization by Entity                                                                                                                                                                                                                        ;
+----------------------------+---------------------+---------------------------+-------------+------------+--------------+---------+-----------+------+--------------+------------+----------------------------------------------------+----------------------+--------------+
; Compilation Hierarchy Node ; Combinational ALUTs ; Dedicated Logic Registers ; Memory Bits ; UFM Blocks ; DSP Elements ; DSP 9x9 ; DSP 18x18 ; Pins ; Virtual Pins ; ADC blocks ; Full Hierarchy Name                                ; Entity Name          ; Library Name ;
+----------------------------+---------------------+---------------------------+-------------+------------+--------------+---------+-----------+------+--------------+------------+----------------------------------------------------+----------------------+--------------+
; |LogicalStep_Lab3_top      ; 70 (0)              ; 15 (0)                    ; 0           ; 0          ; 0            ; 0       ; 0         ; 34   ; 0            ; 0          ; |LogicalStep_Lab3_top                              ; LogicalStep_Lab3_top ; work         ;
;    |Compx4:instCompx4|     ; 9 (8)               ; 0 (0)                     ; 0           ; 0          ; 0            ; 0       ; 0         ; 0    ; 0            ; 0          ; |LogicalStep_Lab3_top|Compx4:instCompx4            ; Compx4               ; work         ;
;       |Compx1:A_1|         ; 1 (1)               ; 0 (0)                     ; 0           ; 0          ; 0            ; 0       ; 0         ; 0    ; 0            ; 0          ; |LogicalStep_Lab3_top|Compx4:instCompx4|Compx1:A_1 ; Compx1               ; work         ;
;    |Energy_monitor:instEM| ; 2 (2)               ; 0 (0)                     ; 0           ; 0          ; 0            ; 0       ; 0         ; 0    ; 0            ; 0          ; |LogicalStep_Lab3_top|Energy_monitor:instEM        ; Energy_monitor       ; work         ;
;    |HVAC:instHVAC|         ; 12 (12)             ; 4 (4)                     ; 0           ; 0          ; 0            ; 0       ; 0         ; 0    ; 0            ; 0          ; |LogicalStep_Lab3_top|HVAC:instHVAC                ; HVAC                 ; work         ;
;    |SevenSegment:inst1|    ; 7 (7)               ; 0 (0)                     ; 0           ; 0          ; 0            ; 0       ; 0         ; 0    ; 0            ; 0          ; |LogicalStep_Lab3_top|SevenSegment:inst1           ; SevenSegment         ; work         ;
;    |SevenSegment:inst2|    ; 7 (7)               ; 0 (0)                     ; 0           ; 0          ; 0            ; 0       ; 0         ; 0    ; 0            ; 0          ; |LogicalStep_Lab3_top|SevenSegment:inst2           ; SevenSegment         ; work         ;
;    |Tester:insttester|     ; 11 (11)             ; 0 (0)                     ; 0           ; 0          ; 0            ; 0       ; 0         ; 0    ; 0            ; 0          ; |LogicalStep_Lab3_top|Tester:insttester            ; Tester               ; work         ;
;    |mux:instmux|           ; 4 (4)               ; 0 (0)                     ; 0           ; 0          ; 0            ; 0       ; 0         ; 0    ; 0            ; 0          ; |LogicalStep_Lab3_top|mux:instmux                  ; mux                  ; work         ;
;    |segment7_mux:inst3|    ; 18 (18)             ; 11 (11)                   ; 0           ; 0          ; 0            ; 0       ; 0         ; 0    ; 0            ; 0          ; |LogicalStep_Lab3_top|segment7_mux:inst3           ; segment7_mux         ; work         ;
+----------------------------+---------------------+---------------------------+-------------+------------+--------------+---------+-----------+------+--------------+------------+----------------------------------------------------+----------------------+--------------+
Note: For table entries with two numbers listed, the numbers in parentheses indicate the number of resources of the given type used by the specific entity alone. The numbers listed outside of parentheses indicate the total resources of the given type used by the specific entity and all of its sub-entities in the hierarchy.


+----------------------------------------------------------------+
; Registers Removed During Synthesis                             ;
+-------------------------------------------+--------------------+
; Register name                             ; Reason for Removal ;
+-------------------------------------------+--------------------+
; HVAC:instHVAC|\clk_divider:counter[0..23] ; Lost fanout        ;
; Total Number of Removed Registers = 24    ;                    ;
+-------------------------------------------+--------------------+


+------------------------------------------------------+
; General Register Statistics                          ;
+----------------------------------------------+-------+
; Statistic                                    ; Value ;
+----------------------------------------------+-------+
; Total registers                              ; 15    ;
; Number of registers using Synchronous Clear  ; 0     ;
; Number of registers using Synchronous Load   ; 0     ;
; Number of registers using Asynchronous Clear ; 0     ;
; Number of registers using Asynchronous Load  ; 0     ;
; Number of registers using Clock Enable       ; 3     ;
; Number of registers using Preset             ; 0     ;
+----------------------------------------------+-------+


+--------------------------------------------------+
; Inverted Register Statistics                     ;
+----------------------------------------+---------+
; Inverted Register                      ; Fan out ;
+----------------------------------------+---------+
; HVAC:instHVAC|\counter:cnt[0]          ; 18      ;
; HVAC:instHVAC|\counter:cnt[1]          ; 17      ;
; HVAC:instHVAC|\counter:cnt[2]          ; 17      ;
; Total number of inverted registers = 3 ;         ;
+----------------------------------------+---------+


+--------------------------------------------+
; Port Connectivity Checks: "HVAC:instHVAC"  ;
+----------+-------+----------+--------------+
; Port     ; Type  ; Severity ; Details      ;
+----------+-------+----------+--------------+
; hvac_sim ; Input ; Info     ; Stuck at VCC ;
+----------+-------+----------+--------------+


+-----------------------------------------------------+
; Post-Synthesis Netlist Statistics for Top Partition ;
+-----------------------+-----------------------------+
; Type                  ; Count                       ;
+-----------------------+-----------------------------+
; boundary_port         ; 34                          ;
; cycloneiii_ff         ; 15                          ;
;     ENA               ; 3                           ;
;     plain             ; 12                          ;
; cycloneiii_io_obuf    ; 3                           ;
; cycloneiii_lcell_comb ; 83                          ;
;     arith             ; 12                          ;
;         2 data inputs ; 9                           ;
;         3 data inputs ; 3                           ;
;     normal            ; 71                          ;
;         1 data inputs ; 17                          ;
;         2 data inputs ; 1                           ;
;         3 data inputs ; 18                          ;
;         4 data inputs ; 35                          ;
;                       ;                             ;
; Max LUT depth         ; 6.00                        ;
; Average LUT depth     ; 3.28                        ;
+-----------------------+-----------------------------+


+-------------------------------+
; Elapsed Time Per Partition    ;
+----------------+--------------+
; Partition Name ; Elapsed Time ;
+----------------+--------------+
; Top            ; 00:00:00     ;
+----------------+--------------+


+-------------------------------+
; Analysis & Synthesis Messages ;
+-------------------------------+
Info: *******************************************************************
Info: Running Quartus Prime Analysis & Synthesis
    Info: Version 19.1.0 Build 670 09/22/2019 SJ Lite Edition
    Info: Processing started: Fri Mar 11 16:20:25 2022
Info: Command: quartus_map --read_settings_files=on --write_settings_files=off LogicalStep_Lab3 -c LogicalStep_Lab3_top
Warning (18236): Number of processors has not been specified which may cause overloading on shared machines.  Set the global assignment NUM_PARALLEL_PROCESSORS in your QSF to an appropriate value for best performance.
Info (20030): Parallel compilation is enabled and will use 16 of the 16 processors detected
Warning (12090): Entity "mux" obtained from "mux.vhd" instead of from Quartus Prime megafunction library File: C:/Users/Owner1/Desktop/School/ECE 124/Lab3/mux.vhd Line: 6
Info (12021): Found 2 design units, including 1 entities, in source file mux.vhd
    Info (12022): Found design unit 1: mux-mux_logic File: C:/Users/Owner1/Desktop/School/ECE 124/Lab3/mux.vhd Line: 15
    Info (12023): Found entity 1: mux File: C:/Users/Owner1/Desktop/School/ECE 124/Lab3/mux.vhd Line: 6
Info (12021): Found 2 design units, including 1 entities, in source file compx1.vhd
    Info (12022): Found design unit 1: Compx1-compare File: C:/Users/Owner1/Desktop/School/ECE 124/Lab3/Compx1.vhd Line: 18
    Info (12023): Found entity 1: Compx1 File: C:/Users/Owner1/Desktop/School/ECE 124/Lab3/Compx1.vhd Line: 5
Info (12021): Found 2 design units, including 1 entities, in source file tester.vhd
    Info (12022): Found design unit 1: Tester-Test_ckt File: C:/Users/Owner1/Desktop/School/ECE 124/Lab3/Tester.vhd Line: 14
    Info (12023): Found entity 1: Tester File: C:/Users/Owner1/Desktop/School/ECE 124/Lab3/Tester.vhd Line: 5
Info (12021): Found 2 design units, including 1 entities, in source file hvac.vhd
    Info (12022): Found design unit 1: HVAC-rtl File: C:/Users/Owner1/Desktop/School/ECE 124/Lab3/HVAC.vhd Line: 20
    Info (12023): Found entity 1: HVAC File: C:/Users/Owner1/Desktop/School/ECE 124/Lab3/HVAC.vhd Line: 7
Warning (12019): Can't analyze file -- file Comx4.vhd is missing
Info (12021): Found 2 design units, including 1 entities, in source file logicalstep_lab3_top.vhd
    Info (12022): Found design unit 1: LogicalStep_Lab3_top-design File: C:/Users/Owner1/Desktop/School/ECE 124/Lab3/LogicalStep_Lab3_top.vhd Line: 21
    Info (12023): Found entity 1: LogicalStep_Lab3_top File: C:/Users/Owner1/Desktop/School/ECE 124/Lab3/LogicalStep_Lab3_top.vhd Line: 5
Info (12021): Found 2 design units, including 1 entities, in source file segment7_mux.vhd
    Info (12022): Found design unit 1: segment7_mux-syn File: C:/Users/Owner1/Desktop/School/ECE 124/Lab3/segment7_mux.vhd Line: 67
    Info (12023): Found entity 1: segment7_mux File: C:/Users/Owner1/Desktop/School/ECE 124/Lab3/segment7_mux.vhd Line: 52
Info (12021): Found 2 design units, including 1 entities, in source file sevensegment.vhd
    Info (12022): Found design unit 1: SevenSegment-decode_function1 File: C:/Users/Owner1/Desktop/School/ECE 124/Lab3/SevenSegment.vhd Line: 16
    Info (12023): Found entity 1: SevenSegment File: C:/Users/Owner1/Desktop/School/ECE 124/Lab3/SevenSegment.vhd Line: 8
Info (12021): Found 2 design units, including 1 entities, in source file compx4.vhd
    Info (12022): Found design unit 1: Compx4-compare4 File: C:/Users/Owner1/Desktop/School/ECE 124/Lab3/Compx4.vhd Line: 18
    Info (12023): Found entity 1: Compx4 File: C:/Users/Owner1/Desktop/School/ECE 124/Lab3/Compx4.vhd Line: 5
Info (12021): Found 2 design units, including 1 entities, in source file inverter.vhd
    Info (12022): Found design unit 1: inverter-invert File: C:/Users/Owner1/Desktop/School/ECE 124/Lab3/inverter.vhd Line: 12
    Info (12023): Found entity 1: inverter File: C:/Users/Owner1/Desktop/School/ECE 124/Lab3/inverter.vhd Line: 5
Info (12021): Found 2 design units, including 1 entities, in source file energy_monitor.vhd
    Info (12022): Found design unit 1: Energy_monitor-control File: C:/Users/Owner1/Desktop/School/ECE 124/Lab3/Energy_monitor.vhd Line: 13
    Info (12023): Found entity 1: Energy_monitor File: C:/Users/Owner1/Desktop/School/ECE 124/Lab3/Energy_monitor.vhd Line: 5
Info (12127): Elaborating entity "LogicalStep_Lab3_top" for the top level hierarchy
Info (12128): Elaborating entity "inverter" for hierarchy "inverter:instinverter" File: C:/Users/Owner1/Desktop/School/ECE 124/Lab3/LogicalStep_Lab3_top.vhd Line: 106
Info (12128): Elaborating entity "mux" for hierarchy "mux:instmux" File: C:/Users/Owner1/Desktop/School/ECE 124/Lab3/LogicalStep_Lab3_top.vhd Line: 110
Info (12128): Elaborating entity "HVAC" for hierarchy "HVAC:instHVAC" File: C:/Users/Owner1/Desktop/School/ECE 124/Lab3/LogicalStep_Lab3_top.vhd Line: 115
Warning (10492): VHDL Process Statement warning at HVAC.vhd(48): signal "clk" is read inside the Process Statement but isn't in the Process Statement's sensitivity list File: C:/Users/Owner1/Desktop/School/ECE 124/Lab3/HVAC.vhd Line: 48
Warning (10492): VHDL Process Statement warning at HVAC.vhd(50): signal "clk_2hz" is read inside the Process Statement but isn't in the Process Statement's sensitivity list File: C:/Users/Owner1/Desktop/School/ECE 124/Lab3/HVAC.vhd Line: 50
Warning (10492): VHDL Process Statement warning at HVAC.vhd(61): signal "run_n" is read inside the Process Statement but isn't in the Process Statement's sensitivity list File: C:/Users/Owner1/Desktop/School/ECE 124/Lab3/HVAC.vhd Line: 61
Info (12128): Elaborating entity "Compx4" for hierarchy "Compx4:instCompx4" File: C:/Users/Owner1/Desktop/School/ECE 124/Lab3/LogicalStep_Lab3_top.vhd Line: 120
Info (12128): Elaborating entity "Compx1" for hierarchy "Compx4:instCompx4|Compx1:A_3" File: C:/Users/Owner1/Desktop/School/ECE 124/Lab3/Compx4.vhd Line: 35
Info (12128): Elaborating entity "Energy_monitor" for hierarchy "Energy_monitor:instEM" File: C:/Users/Owner1/Desktop/School/ECE 124/Lab3/LogicalStep_Lab3_top.vhd Line: 124
Info (12128): Elaborating entity "Tester" for hierarchy "Tester:insttester" File: C:/Users/Owner1/Desktop/School/ECE 124/Lab3/LogicalStep_Lab3_top.vhd Line: 128
Warning (10492): VHDL Process Statement warning at Tester.vhd(47): signal "EQ_PASS" is read inside the Process Statement but isn't in the Process Statement's sensitivity list File: C:/Users/Owner1/Desktop/School/ECE 124/Lab3/Tester.vhd Line: 47
Warning (10492): VHDL Process Statement warning at Tester.vhd(47): signal "GT_PASS" is read inside the Process Statement but isn't in the Process Statement's sensitivity list File: C:/Users/Owner1/Desktop/School/ECE 124/Lab3/Tester.vhd Line: 47
Warning (10492): VHDL Process Statement warning at Tester.vhd(47): signal "LT_PASS" is read inside the Process Statement but isn't in the Process Statement's sensitivity list File: C:/Users/Owner1/Desktop/School/ECE 124/Lab3/Tester.vhd Line: 47
Info (12128): Elaborating entity "SevenSegment" for hierarchy "SevenSegment:inst1" File: C:/Users/Owner1/Desktop/School/ECE 124/Lab3/LogicalStep_Lab3_top.vhd Line: 132
Info (12128): Elaborating entity "segment7_mux" for hierarchy "segment7_mux:inst3" File: C:/Users/Owner1/Desktop/School/ECE 124/Lab3/LogicalStep_Lab3_top.vhd Line: 134
Info (286030): Timing-Driven Synthesis is running
Info (17049): 24 registers lost all their fanouts during netlist optimizations.
Info (16010): Generating hard_block partition "hard_block:auto_generated_inst"
    Info (16011): Adding 0 node(s), including 0 DDIO, 0 PLL, 0 transceiver and 0 LCELL
Info (21057): Implemented 104 device resources after synthesis - the final resource count might be different
    Info (21058): Implemented 13 input pins
    Info (21059): Implemented 21 output pins
    Info (21061): Implemented 70 logic cells
Info: Quartus Prime Analysis & Synthesis was successful. 0 errors, 9 warnings
    Info: Peak virtual memory: 4856 megabytes
    Info: Processing ended: Fri Mar 11 16:20:39 2022
    Info: Elapsed time: 00:00:14
    Info: Total CPU time (on all processors): 00:00:37


