Analysis & Synthesis report for LogicalStep_Lab4_top
Thu Mar 31 09:50:57 2022
Quartus Prime Version 19.1.0 Build 670 09/22/2019 SJ Lite Edition


---------------------
; Table of Contents ;
---------------------
  1. Legal Notice
  2. Analysis & Synthesis Summary
  3. Analysis & Synthesis Settings
  4. Parallel Compilation
  5. Analysis & Synthesis Source Files Read
  6. Analysis & Synthesis Resource Usage Summary
  7. Analysis & Synthesis Resource Utilization by Entity
  8. State Machine - |LogicalStep_Lab4_top|Extender:inst_extender|current_state
  9. State Machine - |LogicalStep_Lab4_top|Grappler:inst_grappler|current_state
 10. User-Specified and Inferred Latches
 11. Registers Removed During Synthesis
 12. General Register Statistics
 13. Port Connectivity Checks: "inverter:inst_invert"
 14. Port Connectivity Checks: "Clock_Source:Clock_Selector"
 15. Post-Synthesis Netlist Statistics for Top Partition
 16. Elapsed Time Per Partition
 17. Analysis & Synthesis Messages



----------------
; Legal Notice ;
----------------
Copyright (C) 2019  Intel Corporation. All rights reserved.
Your use of Intel Corporation's design tools, logic functions 
and other software and tools, and any partner logic 
functions, and any output files from any of the foregoing 
(including device programming or simulation files), and any 
associated documentation or information are expressly subject 
to the terms and conditions of the Intel Program License 
Subscription Agreement, the Intel Quartus Prime License Agreement,
the Intel FPGA IP License Agreement, or other applicable license
agreement, including, without limitation, that your use is for
the sole purpose of programming logic devices manufactured by
Intel and sold by Intel or its authorized distributors.  Please
refer to the applicable agreement for further details, at
https://fpgasoftware.intel.com/eula.



+----------------------------------------------------------------------------------+
; Analysis & Synthesis Summary                                                     ;
+------------------------------------+---------------------------------------------+
; Analysis & Synthesis Status        ; Successful - Thu Mar 31 09:50:57 2022       ;
; Quartus Prime Version              ; 19.1.0 Build 670 09/22/2019 SJ Lite Edition ;
; Revision Name                      ; LogicalStep_Lab4_top                        ;
; Top-level Entity Name              ; LogicalStep_Lab4_top                        ;
; Family                             ; MAX 10                                      ;
; Total logic elements               ; 131                                         ;
;     Total combinational functions  ; 123                                         ;
;     Dedicated logic registers      ; 52                                          ;
; Total registers                    ; 52                                          ;
; Total pins                         ; 30                                          ;
; Total virtual pins                 ; 0                                           ;
; Total memory bits                  ; 0                                           ;
; Embedded Multiplier 9-bit elements ; 0                                           ;
; Total PLLs                         ; 0                                           ;
; UFM blocks                         ; 0                                           ;
; ADC blocks                         ; 0                                           ;
+------------------------------------+---------------------------------------------+


+----------------------------------------------------------------------------------------------------------------+
; Analysis & Synthesis Settings                                                                                  ;
+------------------------------------------------------------------+----------------------+----------------------+
; Option                                                           ; Setting              ; Default Value        ;
+------------------------------------------------------------------+----------------------+----------------------+
; Device                                                           ; 10M08SAE144C8G       ;                      ;
; Top-level entity name                                            ; LogicalStep_Lab4_top ; LogicalStep_Lab4_top ;
; Family name                                                      ; MAX 10               ; Cyclone V            ;
; Use smart compilation                                            ; Off                  ; Off                  ;
; Enable parallel Assembler and Timing Analyzer during compilation ; On                   ; On                   ;
; Enable compact report table                                      ; Off                  ; Off                  ;
; Restructure Multiplexers                                         ; Auto                 ; Auto                 ;
; Create Debugging Nodes for IP Cores                              ; Off                  ; Off                  ;
; Preserve fewer node names                                        ; On                   ; On                   ;
; Intel FPGA IP Evaluation Mode                                    ; Enable               ; Enable               ;
; Verilog Version                                                  ; Verilog_2001         ; Verilog_2001         ;
; VHDL Version                                                     ; VHDL_1993            ; VHDL_1993            ;
; State Machine Processing                                         ; Auto                 ; Auto                 ;
; Safe State Machine                                               ; Off                  ; Off                  ;
; Extract Verilog State Machines                                   ; On                   ; On                   ;
; Extract VHDL State Machines                                      ; On                   ; On                   ;
; Ignore Verilog initial constructs                                ; Off                  ; Off                  ;
; Iteration limit for constant Verilog loops                       ; 5000                 ; 5000                 ;
; Iteration limit for non-constant Verilog loops                   ; 250                  ; 250                  ;
; Add Pass-Through Logic to Inferred RAMs                          ; On                   ; On                   ;
; Infer RAMs from Raw Logic                                        ; On                   ; On                   ;
; Parallel Synthesis                                               ; On                   ; On                   ;
; DSP Block Balancing                                              ; Auto                 ; Auto                 ;
; NOT Gate Push-Back                                               ; On                   ; On                   ;
; Power-Up Don't Care                                              ; On                   ; On                   ;
; Remove Redundant Logic Cells                                     ; Off                  ; Off                  ;
; Remove Duplicate Registers                                       ; On                   ; On                   ;
; Ignore CARRY Buffers                                             ; Off                  ; Off                  ;
; Ignore CASCADE Buffers                                           ; Off                  ; Off                  ;
; Ignore GLOBAL Buffers                                            ; Off                  ; Off                  ;
; Ignore ROW GLOBAL Buffers                                        ; Off                  ; Off                  ;
; Ignore LCELL Buffers                                             ; Off                  ; Off                  ;
; Ignore SOFT Buffers                                              ; On                   ; On                   ;
; Limit AHDL Integers to 32 Bits                                   ; Off                  ; Off                  ;
; Optimization Technique                                           ; Balanced             ; Balanced             ;
; Carry Chain Length                                               ; 70                   ; 70                   ;
; Auto Carry Chains                                                ; On                   ; On                   ;
; Auto Open-Drain Pins                                             ; On                   ; On                   ;
; Perform WYSIWYG Primitive Resynthesis                            ; Off                  ; Off                  ;
; Auto ROM Replacement                                             ; On                   ; On                   ;
; Auto RAM Replacement                                             ; On                   ; On                   ;
; Auto DSP Block Replacement                                       ; On                   ; On                   ;
; Auto Shift Register Replacement                                  ; Auto                 ; Auto                 ;
; Allow Shift Register Merging across Hierarchies                  ; Auto                 ; Auto                 ;
; Auto Clock Enable Replacement                                    ; On                   ; On                   ;
; Strict RAM Replacement                                           ; Off                  ; Off                  ;
; Allow Synchronous Control Signals                                ; On                   ; On                   ;
; Force Use of Synchronous Clear Signals                           ; Off                  ; Off                  ;
; Auto RAM Block Balancing                                         ; On                   ; On                   ;
; Auto RAM to Logic Cell Conversion                                ; Off                  ; Off                  ;
; Auto Resource Sharing                                            ; Off                  ; Off                  ;
; Allow Any RAM Size For Recognition                               ; Off                  ; Off                  ;
; Allow Any ROM Size For Recognition                               ; Off                  ; Off                  ;
; Allow Any Shift Register Size For Recognition                    ; Off                  ; Off                  ;
; Use LogicLock Constraints during Resource Balancing              ; On                   ; On                   ;
; Ignore translate_off and synthesis_off directives                ; Off                  ; Off                  ;
; Timing-Driven Synthesis                                          ; On                   ; On                   ;
; Report Parameter Settings                                        ; On                   ; On                   ;
; Report Source Assignments                                        ; On                   ; On                   ;
; Report Connectivity Checks                                       ; On                   ; On                   ;
; Ignore Maximum Fan-Out Assignments                               ; Off                  ; Off                  ;
; Synchronization Register Chain Length                            ; 2                    ; 2                    ;
; Power Optimization During Synthesis                              ; Normal compilation   ; Normal compilation   ;
; HDL message level                                                ; Level2               ; Level2               ;
; Suppress Register Optimization Related Messages                  ; Off                  ; Off                  ;
; Number of Removed Registers Reported in Synthesis Report         ; 5000                 ; 5000                 ;
; Number of Swept Nodes Reported in Synthesis Report               ; 5000                 ; 5000                 ;
; Number of Inverted Registers Reported in Synthesis Report        ; 100                  ; 100                  ;
; Clock MUX Protection                                             ; On                   ; On                   ;
; Auto Gated Clock Conversion                                      ; Off                  ; Off                  ;
; Block Design Naming                                              ; Auto                 ; Auto                 ;
; SDC constraint protection                                        ; Off                  ; Off                  ;
; Synthesis Effort                                                 ; Auto                 ; Auto                 ;
; Shift Register Replacement - Allow Asynchronous Clear Signal     ; On                   ; On                   ;
; Pre-Mapping Resynthesis Optimization                             ; Off                  ; Off                  ;
; Analysis & Synthesis Message Level                               ; Medium               ; Medium               ;
; Disable Register Merging Across Hierarchies                      ; Auto                 ; Auto                 ;
; Resource Aware Inference For Block RAM                           ; On                   ; On                   ;
+------------------------------------------------------------------+----------------------+----------------------+


+------------------------------------------+
; Parallel Compilation                     ;
+----------------------------+-------------+
; Processors                 ; Number      ;
+----------------------------+-------------+
; Number detected on machine ; 4           ;
; Maximum allowed            ; 2           ;
;                            ;             ;
; Average used               ; 1.00        ;
; Maximum used               ; 2           ;
;                            ;             ;
; Usage by Processor         ; % Time Used ;
;     Processor 1            ; 100.0%      ;
;     Processor 2            ;   0.0%      ;
+----------------------------+-------------+


+-------------------------------------------------------------------------------------------------------------------+
; Analysis & Synthesis Source Files Read                                                                            ;
+----------------------------------+-----------------+-----------------+----------------------------------+---------+
; File Name with User-Entered Path ; Used in Netlist ; File Type       ; File Name with Absolute Path     ; Library ;
+----------------------------------+-----------------+-----------------+----------------------------------+---------+
; SevenSegment.vhd                 ; yes             ; User VHDL File  ; C:/Lab4/SevenSegment.vhd         ;         ;
; segment7_mux.vhd                 ; yes             ; User VHDL File  ; C:/Lab4/segment7_mux.vhd         ;         ;
; LogicalStep_Lab4_top.vhd         ; yes             ; User VHDL File  ; C:/Lab4/LogicalStep_Lab4_top.vhd ;         ;
; inverter.vhd                     ; yes             ; User VHDL File  ; C:/Lab4/inverter.vhd             ;         ;
; grappler.vhd                     ; yes             ; User VHDL File  ; C:/Lab4/grappler.vhd             ;         ;
; Compx4.vhd                       ; yes             ; User VHDL File  ; C:/Lab4/Compx4.vhd               ;         ;
; Compx1.vhd                       ; yes             ; User VHDL File  ; C:/Lab4/Compx1.vhd               ;         ;
; Clock_source.vhd                 ; yes             ; User VHDL File  ; C:/Lab4/Clock_source.vhd         ;         ;
; Bidir_shift_reg.vhd              ; yes             ; User VHDL File  ; C:/Lab4/Bidir_shift_reg.vhd      ;         ;
; U_D_Bin_Counter4bit.vhd          ; yes             ; User VHDL File  ; C:/Lab4/U_D_Bin_Counter4bit.vhd  ;         ;
; extender.vhd                     ; yes             ; User VHDL File  ; C:/Lab4/extender.vhd             ;         ;
; XY_motion.vhd                    ; yes             ; User VHDL File  ; C:/Lab4/XY_motion.vhd            ;         ;
; theregister.vhd                  ; yes             ; User VHDL File  ; C:/Lab4/theregister.vhd          ;         ;
+----------------------------------+-----------------+-----------------+----------------------------------+---------+


+----------------------------------------------------------------------------------------------------+
; Analysis & Synthesis Resource Usage Summary                                                        ;
+---------------------------------------------+------------------------------------------------------+
; Resource                                    ; Usage                                                ;
+---------------------------------------------+------------------------------------------------------+
; Estimated Total logic elements              ; 131                                                  ;
;                                             ;                                                      ;
; Total combinational functions               ; 123                                                  ;
; Logic element usage by number of LUT inputs ;                                                      ;
;     -- 4 input functions                    ; 44                                                   ;
;     -- 3 input functions                    ; 31                                                   ;
;     -- <=2 input functions                  ; 48                                                   ;
;                                             ;                                                      ;
; Logic elements by mode                      ;                                                      ;
;     -- normal mode                          ; 86                                                   ;
;     -- arithmetic mode                      ; 37                                                   ;
;                                             ;                                                      ;
; Total registers                             ; 52                                                   ;
;     -- Dedicated logic registers            ; 52                                                   ;
;     -- I/O registers                        ; 0                                                    ;
;                                             ;                                                      ;
; I/O pins                                    ; 30                                                   ;
;                                             ;                                                      ;
; Embedded Multiplier 9-bit elements          ; 0                                                    ;
;                                             ;                                                      ;
; Maximum fan-out node                        ; Clock_Source:Clock_Selector|\clk_divider:counter[23] ;
; Maximum fan-out                             ; 30                                                   ;
; Total fan-out                               ; 533                                                  ;
; Average fan-out                             ; 2.27                                                 ;
+---------------------------------------------+------------------------------------------------------+


+---------------------------------------------------------------------------------------------------------------------------------------------------------------------------------------------------------------------------------------------------------------------------------------------+
; Analysis & Synthesis Resource Utilization by Entity                                                                                                                                                                                                                                         ;
+----------------------------------------+---------------------+---------------------------+-------------+------------+--------------+---------+-----------+------+--------------+------------+---------------------------------------------------------+----------------------+--------------+
; Compilation Hierarchy Node             ; Combinational ALUTs ; Dedicated Logic Registers ; Memory Bits ; UFM Blocks ; DSP Elements ; DSP 9x9 ; DSP 18x18 ; Pins ; Virtual Pins ; ADC blocks ; Full Hierarchy Name                                     ; Entity Name          ; Library Name ;
+----------------------------------------+---------------------+---------------------------+-------------+------------+--------------+---------+-----------+------+--------------+------------+---------------------------------------------------------+----------------------+--------------+
; |LogicalStep_Lab4_top                  ; 123 (1)             ; 52 (0)                    ; 0           ; 0          ; 0            ; 0       ; 0         ; 30   ; 0            ; 0          ; |LogicalStep_Lab4_top                                   ; LogicalStep_Lab4_top ; work         ;
;    |Bidir_shift_reg:inst_Bi_shift_reg| ; 4 (4)               ; 4 (4)                     ; 0           ; 0          ; 0            ; 0       ; 0         ; 0    ; 0            ; 0          ; |LogicalStep_Lab4_top|Bidir_shift_reg:inst_Bi_shift_reg ; Bidir_shift_reg      ; work         ;
;    |Clock_Source:Clock_Selector|       ; 23 (23)             ; 22 (22)                   ; 0           ; 0          ; 0            ; 0       ; 0         ; 0    ; 0            ; 0          ; |LogicalStep_Lab4_top|Clock_Source:Clock_Selector       ; Clock_Source         ; work         ;
;    |Compx4:inst_compx|                 ; 9 (9)               ; 0 (0)                     ; 0           ; 0          ; 0            ; 0       ; 0         ; 0    ; 0            ; 0          ; |LogicalStep_Lab4_top|Compx4:inst_compx                 ; Compx4               ; work         ;
;    |Compx4:inst_compy|                 ; 9 (9)               ; 0 (0)                     ; 0           ; 0          ; 0            ; 0       ; 0         ; 0    ; 0            ; 0          ; |LogicalStep_Lab4_top|Compx4:inst_compy                 ; Compx4               ; work         ;
;    |Extender:inst_extender|            ; 13 (13)             ; 4 (4)                     ; 0           ; 0          ; 0            ; 0       ; 0         ; 0    ; 0            ; 0          ; |LogicalStep_Lab4_top|Extender:inst_extender            ; Extender             ; work         ;
;    |Grappler:inst_grappler|            ; 5 (5)               ; 4 (4)                     ; 0           ; 0          ; 0            ; 0       ; 0         ; 0    ; 0            ; 0          ; |LogicalStep_Lab4_top|Grappler:inst_grappler            ; Grappler             ; work         ;
;    |SevenSegment:inst_sev_secx|        ; 7 (7)               ; 0 (0)                     ; 0           ; 0          ; 0            ; 0       ; 0         ; 0    ; 0            ; 0          ; |LogicalStep_Lab4_top|SevenSegment:inst_sev_secx        ; SevenSegment         ; work         ;
;    |SevenSegment:inst_sev_secy|        ; 7 (7)               ; 0 (0)                     ; 0           ; 0          ; 0            ; 0       ; 0         ; 0    ; 0            ; 0          ; |LogicalStep_Lab4_top|SevenSegment:inst_sev_secy        ; SevenSegment         ; work         ;
;    |U_D_Bin_Counter4bit:inst_counterx| ; 6 (6)               ; 4 (4)                     ; 0           ; 0          ; 0            ; 0       ; 0         ; 0    ; 0            ; 0          ; |LogicalStep_Lab4_top|U_D_Bin_Counter4bit:inst_counterx ; U_D_Bin_Counter4bit  ; work         ;
;    |U_D_Bin_Counter4bit:inst_countery| ; 6 (6)               ; 4 (4)                     ; 0           ; 0          ; 0            ; 0       ; 0         ; 0    ; 0            ; 0          ; |LogicalStep_Lab4_top|U_D_Bin_Counter4bit:inst_countery ; U_D_Bin_Counter4bit  ; work         ;
;    |XY_motion:inst_XY|                 ; 15 (15)             ; 0 (0)                     ; 0           ; 0          ; 0            ; 0       ; 0         ; 0    ; 0            ; 0          ; |LogicalStep_Lab4_top|XY_motion:inst_XY                 ; XY_motion            ; work         ;
;    |segment7_mux:inst_sev_mux|         ; 18 (18)             ; 2 (2)                     ; 0           ; 0          ; 0            ; 0       ; 0         ; 0    ; 0            ; 0          ; |LogicalStep_Lab4_top|segment7_mux:inst_sev_mux         ; segment7_mux         ; work         ;
;    |theregister:inst_registerx|        ; 0 (0)               ; 4 (4)                     ; 0           ; 0          ; 0            ; 0       ; 0         ; 0    ; 0            ; 0          ; |LogicalStep_Lab4_top|theregister:inst_registerx        ; theregister          ; work         ;
;    |theregister:inst_registery|        ; 0 (0)               ; 4 (4)                     ; 0           ; 0          ; 0            ; 0       ; 0         ; 0    ; 0            ; 0          ; |LogicalStep_Lab4_top|theregister:inst_registery        ; theregister          ; work         ;
+----------------------------------------+---------------------+---------------------------+-------------+------------+--------------+---------+-----------+------+--------------+------------+---------------------------------------------------------+----------------------+--------------+
Note: For table entries with two numbers listed, the numbers in parentheses indicate the number of resources of the given type used by the specific entity alone. The numbers listed outside of parentheses indicate the total resources of the given type used by the specific entity and all of its sub-entities in the hierarchy.


Encoding Type:  One-Hot
+-------------------------------------------------------------------------------------------------------------------------------+
; State Machine - |LogicalStep_Lab4_top|Extender:inst_extender|current_state                                                    ;
+---------------------------+--------------------------+---------------------------+-----------------------+--------------------+
; Name                      ; current_state.left_shift ; current_state.Right_shift ; current_state.Pressed ; current_state.Idle ;
+---------------------------+--------------------------+---------------------------+-----------------------+--------------------+
; current_state.Idle        ; 0                        ; 0                         ; 0                     ; 0                  ;
; current_state.Pressed     ; 0                        ; 0                         ; 1                     ; 1                  ;
; current_state.Right_shift ; 0                        ; 1                         ; 0                     ; 1                  ;
; current_state.left_shift  ; 1                        ; 0                         ; 0                     ; 1                  ;
+---------------------------+--------------------------+---------------------------+-----------------------+--------------------+


Encoding Type:  One-Hot
+-------------------------------------------------------------------------------------------------------------------+
; State Machine - |LogicalStep_Lab4_top|Grappler:inst_grappler|current_state                                        ;
+-----------------------+-----------------------+---------------------+-----------------------+---------------------+
; Name                  ; current_state.Closing ; current_state.close ; current_state.Opening ; current_state.Start ;
+-----------------------+-----------------------+---------------------+-----------------------+---------------------+
; current_state.Start   ; 0                     ; 0                   ; 0                     ; 0                   ;
; current_state.Opening ; 0                     ; 0                   ; 1                     ; 1                   ;
; current_state.close   ; 0                     ; 1                   ; 0                     ; 1                   ;
; current_state.Closing ; 1                     ; 0                   ; 0                     ; 1                   ;
+-----------------------+-----------------------+---------------------+-----------------------+---------------------+


+----------------------------------------------------------------------------------------------------------+
; User-Specified and Inferred Latches                                                                      ;
+----------------------------------------------------+----------------------------+------------------------+
; Latch Name                                         ; Latch Enable Signal        ; Free of Timing Hazards ;
+----------------------------------------------------+----------------------------+------------------------+
; XY_motion:inst_XY|error                            ; GND                        ; yes                    ;
; XY_motion:inst_XY|clk_eny                          ; GND                        ; yes                    ;
; XY_motion:inst_XY|up_downy                         ; XY_motion:inst_XY|up_downy ; yes                    ;
; XY_motion:inst_XY|clk_enx                          ; GND                        ; yes                    ;
; XY_motion:inst_XY|up_downx                         ; XY_motion:inst_XY|up_downx ; yes                    ;
; Number of user-specified and inferred latches = 5  ;                            ;                        ;
+----------------------------------------------------+----------------------------+------------------------+
Note: All latches listed above may not be present at the end of synthesis due to various synthesis optimizations.


+------------------------------------------------------------------------------------------------------------------------+
; Registers Removed During Synthesis                                                                                     ;
+------------------------------------------------------+-----------------------------------------------------------------+
; Register name                                        ; Reason for Removal                                              ;
+------------------------------------------------------+-----------------------------------------------------------------+
; Clock_Source:Clock_Selector|\clk_divider:counter[0]  ; Merged with segment7_mux:inst_sev_mux|\clk_proc:COUNT[0]        ;
; segment7_mux:inst_sev_mux|\clk_proc:COUNT[1]         ; Merged with Clock_Source:Clock_Selector|\clk_divider:counter[1] ;
; segment7_mux:inst_sev_mux|\clk_proc:COUNT[2]         ; Merged with Clock_Source:Clock_Selector|\clk_divider:counter[2] ;
; segment7_mux:inst_sev_mux|\clk_proc:COUNT[3]         ; Merged with Clock_Source:Clock_Selector|\clk_divider:counter[3] ;
; segment7_mux:inst_sev_mux|\clk_proc:COUNT[4]         ; Merged with Clock_Source:Clock_Selector|\clk_divider:counter[4] ;
; segment7_mux:inst_sev_mux|\clk_proc:COUNT[5]         ; Merged with Clock_Source:Clock_Selector|\clk_divider:counter[5] ;
; segment7_mux:inst_sev_mux|\clk_proc:COUNT[6]         ; Merged with Clock_Source:Clock_Selector|\clk_divider:counter[6] ;
; segment7_mux:inst_sev_mux|\clk_proc:COUNT[7]         ; Merged with Clock_Source:Clock_Selector|\clk_divider:counter[7] ;
; segment7_mux:inst_sev_mux|\clk_proc:COUNT[8]         ; Merged with Clock_Source:Clock_Selector|\clk_divider:counter[8] ;
; segment7_mux:inst_sev_mux|\clk_proc:COUNT[9]         ; Merged with Clock_Source:Clock_Selector|\clk_divider:counter[9] ;
; Clock_Source:Clock_Selector|\clk_divider:counter[10] ; Merged with segment7_mux:inst_sev_mux|\clk_proc:COUNT[10]       ;
; Total Number of Removed Registers = 11               ;                                                                 ;
+------------------------------------------------------+-----------------------------------------------------------------+


+------------------------------------------------------+
; General Register Statistics                          ;
+----------------------------------------------+-------+
; Statistic                                    ; Value ;
+----------------------------------------------+-------+
; Total registers                              ; 52    ;
; Number of registers using Synchronous Clear  ; 0     ;
; Number of registers using Synchronous Load   ; 0     ;
; Number of registers using Asynchronous Clear ; 0     ;
; Number of registers using Asynchronous Load  ; 0     ;
; Number of registers using Clock Enable       ; 22    ;
; Number of registers using Preset             ; 0     ;
+----------------------------------------------+-------+


+--------------------------------------------------+
; Port Connectivity Checks: "inverter:inst_invert" ;
+--------+-------+----------+----------------------+
; Port   ; Type  ; Severity ; Details              ;
+--------+-------+----------+----------------------+
; pb_in4 ; Input ; Info     ; Stuck at VCC         ;
+--------+-------+----------+----------------------+


+---------------------------------------------------------+
; Port Connectivity Checks: "Clock_Source:Clock_Selector" ;
+----------+-------+----------+---------------------------+
; Port     ; Type  ; Severity ; Details                   ;
+----------+-------+----------+---------------------------+
; sim_flag ; Input ; Info     ; Stuck at GND              ;
+----------+-------+----------+---------------------------+


+-----------------------------------------------------+
; Post-Synthesis Netlist Statistics for Top Partition ;
+-----------------------+-----------------------------+
; Type                  ; Count                       ;
+-----------------------+-----------------------------+
; boundary_port         ; 30                          ;
; cycloneiii_ff         ; 52                          ;
;     ENA               ; 22                          ;
;     plain             ; 30                          ;
; cycloneiii_io_obuf    ; 3                           ;
; cycloneiii_lcell_comb ; 130                         ;
;     arith             ; 37                          ;
;         2 data inputs ; 31                          ;
;         3 data inputs ; 6                           ;
;     normal            ; 93                          ;
;         0 data inputs ; 1                           ;
;         1 data inputs ; 9                           ;
;         2 data inputs ; 14                          ;
;         3 data inputs ; 25                          ;
;         4 data inputs ; 44                          ;
;                       ;                             ;
; Max LUT depth         ; 4.00                        ;
; Average LUT depth     ; 2.53                        ;
+-----------------------+-----------------------------+


+-------------------------------+
; Elapsed Time Per Partition    ;
+----------------+--------------+
; Partition Name ; Elapsed Time ;
+----------------+--------------+
; Top            ; 00:00:00     ;
+----------------+--------------+


+-------------------------------+
; Analysis & Synthesis Messages ;
+-------------------------------+
Info: *******************************************************************
Info: Running Quartus Prime Analysis & Synthesis
    Info: Version 19.1.0 Build 670 09/22/2019 SJ Lite Edition
    Info: Processing started: Thu Mar 31 09:50:48 2022
Info: Command: quartus_map --read_settings_files=on --write_settings_files=off LogicalStep_Lab4 -c LogicalStep_Lab4_top
Warning (18236): Number of processors has not been specified which may cause overloading on shared machines.  Set the global assignment NUM_PARALLEL_PROCESSORS in your QSF to an appropriate value for best performance.
Info (20030): Parallel compilation is enabled and will use 2 of the 2 processors detected
Info (12021): Found 2 design units, including 1 entities, in source file sevensegment.vhd
    Info (12022): Found design unit 1: SevenSegment-decode_function1 File: C:/Lab4/SevenSegment.vhd Line: 15
    Info (12023): Found entity 1: SevenSegment File: C:/Lab4/SevenSegment.vhd Line: 7
Info (12021): Found 2 design units, including 1 entities, in source file segment7_mux.vhd
    Info (12022): Found design unit 1: segment7_mux-syn File: C:/Lab4/segment7_mux.vhd Line: 67
    Info (12023): Found entity 1: segment7_mux File: C:/Lab4/segment7_mux.vhd Line: 52
Info (12021): Found 2 design units, including 1 entities, in source file logicalstep_lab4_top.vhd
    Info (12022): Found design unit 1: LogicalStep_Lab4_top-Circuit File: C:/Lab4/LogicalStep_Lab4_top.vhd Line: 25
    Info (12023): Found entity 1: LogicalStep_Lab4_top File: C:/Lab4/LogicalStep_Lab4_top.vhd Line: 5
Info (12021): Found 2 design units, including 1 entities, in source file inverter.vhd
    Info (12022): Found design unit 1: inverter-invert File: C:/Lab4/inverter.vhd Line: 12
    Info (12023): Found entity 1: inverter File: C:/Lab4/inverter.vhd Line: 4
Info (12021): Found 2 design units, including 1 entities, in source file grappler.vhd
    Info (12022): Found design unit 1: Grappler-control File: C:/Lab4/grappler.vhd Line: 13
    Info (12023): Found entity 1: Grappler File: C:/Lab4/grappler.vhd Line: 5
Info (12021): Found 2 design units, including 1 entities, in source file compx4.vhd
    Info (12022): Found design unit 1: Compx4-compare4 File: C:/Lab4/Compx4.vhd Line: 19
    Info (12023): Found entity 1: Compx4 File: C:/Lab4/Compx4.vhd Line: 6
Info (12021): Found 2 design units, including 1 entities, in source file compx1.vhd
    Info (12022): Found design unit 1: Compx1-compare File: C:/Lab4/Compx1.vhd Line: 19
    Info (12023): Found entity 1: Compx1 File: C:/Lab4/Compx1.vhd Line: 6
Info (12021): Found 2 design units, including 1 entities, in source file clock_source.vhd
    Info (12022): Found design unit 1: Clock_Source-rtl File: C:/Lab4/Clock_source.vhd Line: 17
    Info (12023): Found entity 1: Clock_Source File: C:/Lab4/Clock_source.vhd Line: 6
Info (12021): Found 2 design units, including 1 entities, in source file bidir_shift_reg.vhd
    Info (12022): Found design unit 1: Bidir_shift_reg-one File: C:/Lab4/Bidir_shift_reg.vhd Line: 16
    Info (12023): Found entity 1: Bidir_shift_reg File: C:/Lab4/Bidir_shift_reg.vhd Line: 5
Info (12021): Found 2 design units, including 1 entities, in source file u_d_bin_counter4bit.vhd
    Info (12022): Found design unit 1: U_D_Bin_Counter4bit-one File: C:/Lab4/U_D_Bin_Counter4bit.vhd Line: 16
    Info (12023): Found entity 1: U_D_Bin_Counter4bit File: C:/Lab4/U_D_Bin_Counter4bit.vhd Line: 5
Info (12021): Found 2 design units, including 1 entities, in source file extender.vhd
    Info (12022): Found design unit 1: Extender-extend File: C:/Lab4/extender.vhd Line: 17
    Info (12023): Found entity 1: Extender File: C:/Lab4/extender.vhd Line: 5
Info (12021): Found 2 design units, including 1 entities, in source file xy_motion.vhd
    Info (12022): Found design unit 1: XY_motion-control File: C:/Lab4/XY_motion.vhd Line: 11
    Info (12023): Found entity 1: XY_motion File: C:/Lab4/XY_motion.vhd Line: 5
Info (12021): Found 2 design units, including 1 entities, in source file theregister.vhd
    Info (12022): Found design unit 1: theregister-reg File: C:/Lab4/theregister.vhd Line: 15
    Info (12023): Found entity 1: theregister File: C:/Lab4/theregister.vhd Line: 5
Info (12127): Elaborating entity "LogicalStep_Lab4_top" for the top level hierarchy
Warning (10873): Using initial value X (don't care) for net "leds[7..6]" at LogicalStep_Lab4_top.vhd(11) File: C:/Lab4/LogicalStep_Lab4_top.vhd Line: 11
Info (12128): Elaborating entity "Clock_Source" for hierarchy "Clock_Source:Clock_Selector" File: C:/Lab4/LogicalStep_Lab4_top.vhd Line: 161
Warning (10492): VHDL Process Statement warning at Clock_source.vhd(45): signal "clk_input" is read inside the Process Statement but isn't in the Process Statement's sensitivity list File: C:/Lab4/Clock_source.vhd Line: 45
Warning (10492): VHDL Process Statement warning at Clock_source.vhd(47): signal "clk_2hz" is read inside the Process Statement but isn't in the Process Statement's sensitivity list File: C:/Lab4/Clock_source.vhd Line: 47
Info (12128): Elaborating entity "inverter" for hierarchy "inverter:inst_invert" File: C:/Lab4/LogicalStep_Lab4_top.vhd Line: 164
Info (12128): Elaborating entity "Grappler" for hierarchy "Grappler:inst_grappler" File: C:/Lab4/LogicalStep_Lab4_top.vhd Line: 166
Info (12128): Elaborating entity "Extender" for hierarchy "Extender:inst_extender" File: C:/Lab4/LogicalStep_Lab4_top.vhd Line: 169
Info (12128): Elaborating entity "Bidir_shift_reg" for hierarchy "Bidir_shift_reg:inst_Bi_shift_reg" File: C:/Lab4/LogicalStep_Lab4_top.vhd Line: 171
Warning (10492): VHDL Process Statement warning at Bidir_shift_reg.vhd(28): signal "CLK_EN" is read inside the Process Statement but isn't in the Process Statement's sensitivity list File: C:/Lab4/Bidir_shift_reg.vhd Line: 28
Warning (10492): VHDL Process Statement warning at Bidir_shift_reg.vhd(41): signal "sreg" is read inside the Process Statement but isn't in the Process Statement's sensitivity list File: C:/Lab4/Bidir_shift_reg.vhd Line: 41
Info (12128): Elaborating entity "theregister" for hierarchy "theregister:inst_registerx" File: C:/Lab4/LogicalStep_Lab4_top.vhd Line: 173
Warning (10492): VHDL Process Statement warning at theregister.vhd(23): signal "CLK_EN" is read inside the Process Statement but isn't in the Process Statement's sensitivity list File: C:/Lab4/theregister.vhd Line: 23
Info (12128): Elaborating entity "XY_motion" for hierarchy "XY_motion:inst_XY" File: C:/Lab4/LogicalStep_Lab4_top.vhd Line: 177
Warning (10631): VHDL Process Statement warning at XY_motion.vhd(15): inferring latch(es) for signal or variable "error", which holds its previous value in one or more paths through the process File: C:/Lab4/XY_motion.vhd Line: 15
Warning (10631): VHDL Process Statement warning at XY_motion.vhd(15): inferring latch(es) for signal or variable "clk_enx", which holds its previous value in one or more paths through the process File: C:/Lab4/XY_motion.vhd Line: 15
Warning (10631): VHDL Process Statement warning at XY_motion.vhd(15): inferring latch(es) for signal or variable "up_downx", which holds its previous value in one or more paths through the process File: C:/Lab4/XY_motion.vhd Line: 15
Warning (10631): VHDL Process Statement warning at XY_motion.vhd(15): inferring latch(es) for signal or variable "clk_eny", which holds its previous value in one or more paths through the process File: C:/Lab4/XY_motion.vhd Line: 15
Warning (10631): VHDL Process Statement warning at XY_motion.vhd(15): inferring latch(es) for signal or variable "up_downy", which holds its previous value in one or more paths through the process File: C:/Lab4/XY_motion.vhd Line: 15
Info (10041): Inferred latch for "up_downy" at XY_motion.vhd(15) File: C:/Lab4/XY_motion.vhd Line: 15
Info (10041): Inferred latch for "clk_eny" at XY_motion.vhd(15) File: C:/Lab4/XY_motion.vhd Line: 15
Info (10041): Inferred latch for "up_downx" at XY_motion.vhd(15) File: C:/Lab4/XY_motion.vhd Line: 15
Info (10041): Inferred latch for "clk_enx" at XY_motion.vhd(15) File: C:/Lab4/XY_motion.vhd Line: 15
Info (10041): Inferred latch for "error" at XY_motion.vhd(15) File: C:/Lab4/XY_motion.vhd Line: 15
Info (12128): Elaborating entity "U_D_Bin_Counter4bit" for hierarchy "U_D_Bin_Counter4bit:inst_counterx" File: C:/Lab4/LogicalStep_Lab4_top.vhd Line: 180
Warning (10492): VHDL Process Statement warning at U_D_Bin_Counter4bit.vhd(44): signal "un_bin_counter" is read inside the Process Statement but isn't in the Process Statement's sensitivity list File: C:/Lab4/U_D_Bin_Counter4bit.vhd Line: 44
Info (12128): Elaborating entity "Compx4" for hierarchy "Compx4:inst_compx" File: C:/Lab4/LogicalStep_Lab4_top.vhd Line: 202
Info (12128): Elaborating entity "Compx1" for hierarchy "Compx4:inst_compx|Compx1:A_3" File: C:/Lab4/Compx4.vhd Line: 36
Info (12128): Elaborating entity "SevenSegment" for hierarchy "SevenSegment:inst_sev_secx" File: C:/Lab4/LogicalStep_Lab4_top.vhd Line: 210
Info (12128): Elaborating entity "segment7_mux" for hierarchy "segment7_mux:inst_sev_mux" File: C:/Lab4/LogicalStep_Lab4_top.vhd Line: 212
Warning (13012): Latch XY_motion:inst_XY|up_downy has unsafe behavior File: C:/Lab4/XY_motion.vhd Line: 7
    Warning (13013): Ports ENA and PRE on the latch are fed by the same signal pb_n[2] File: C:/Lab4/LogicalStep_Lab4_top.vhd Line: 9
Warning (13012): Latch XY_motion:inst_XY|up_downx has unsafe behavior File: C:/Lab4/XY_motion.vhd Line: 7
    Warning (13013): Ports ENA and PRE on the latch are fed by the same signal pb_n[2] File: C:/Lab4/LogicalStep_Lab4_top.vhd Line: 9
Warning (13024): Output pins are stuck at VCC or GND
    Warning (13410): Pin "leds[6]" is stuck at GND File: C:/Lab4/LogicalStep_Lab4_top.vhd Line: 11
    Warning (13410): Pin "leds[7]" is stuck at GND File: C:/Lab4/LogicalStep_Lab4_top.vhd Line: 11
Info (286030): Timing-Driven Synthesis is running
Info (16010): Generating hard_block partition "hard_block:auto_generated_inst"
    Info (16011): Adding 0 node(s), including 0 DDIO, 0 PLL, 0 transceiver and 0 LCELL
Warning (21074): Design contains 1 input pin(s) that do not drive logic
    Warning (15610): No output dependent on input pin "pb_n[3]" File: C:/Lab4/LogicalStep_Lab4_top.vhd Line: 9
Info (21057): Implemented 161 device resources after synthesis - the final resource count might be different
    Info (21058): Implemented 13 input pins
    Info (21059): Implemented 17 output pins
    Info (21061): Implemented 131 logic cells
Info: Quartus Prime Analysis & Synthesis was successful. 0 errors, 22 warnings
    Info: Peak virtual memory: 4790 megabytes
    Info: Processing ended: Thu Mar 31 09:50:57 2022
    Info: Elapsed time: 00:00:09
    Info: Total CPU time (on all processors): 00:00:19


